 CUDA_VISIBLE_DEVICES=2 python ./main.py SpeechCommand 1000 1         60000 1 256 0.01         -p ../data -d cuda -r ./result.txt -v 2 -n 1 -f ./progress.txt
Input args: SpeechCommand 1000 1 60000 1 256 0.010000 ../data cuda ./result.txt
Epoch 0 ......
Global accuracy:59.98%
Epoch 1 ......
Global accuracy:67.77%
Epoch 2 ......
Global accuracy:70.25%
Epoch 3 ......
Global accuracy:75.16%
Epoch 4 ......
Global accuracy:75.74%
Epoch 5 ......
Global accuracy:74.00%
Epoch 6 ......
Global accuracy:76.48%
Epoch 7 ......
Global accuracy:74.77%
Epoch 8 ......
Global accuracy:77.45%
Epoch 9 ......
Global accuracy:77.01%
Epoch 10 ......
Global accuracy:76.40%
Epoch 11 ......
Global accuracy:78.54%
Epoch 12 ......
Global accuracy:79.64%
Epoch 13 ......
Global accuracy:79.27%
Epoch 14 ......
Global accuracy:80.38%
Epoch 15 ......
Global accuracy:78.36%
Epoch 16 ......
Global accuracy:78.20%
Epoch 17 ......
Global accuracy:77.93%
Epoch 18 ......
Global accuracy:79.94%
Epoch 19 ......
Global accuracy:76.47%
Epoch 20 ......
Global accuracy:84.67%
Epoch 21 ......
Global accuracy:84.93%
Epoch 22 ......
Global accuracy:84.99%
Epoch 23 ......
Global accuracy:85.03%
Epoch 24 ......
Global accuracy:84.88%
Epoch 25 ......
Global accuracy:84.84%
Epoch 26 ......
Global accuracy:84.59%
Epoch 27 ......
Global accuracy:84.51%
Epoch 28 ......
Global accuracy:84.75%
Epoch 29 ......
Global accuracy:84.59%
Epoch 30 ......
Global accuracy:84.52%
Epoch 31 ......
Global accuracy:84.42%
Epoch 32 ......
Global accuracy:84.73%
Epoch 33 ......
Global accuracy:84.54%
Epoch 34 ......
Global accuracy:84.68%
Epoch 35 ......
Global accuracy:84.58%
Epoch 36 ......
Global accuracy:84.22%
Epoch 37 ......
Global accuracy:84.48%
Epoch 38 ......
Global accuracy:84.33%
Epoch 39 ......
Global accuracy:84.43%
Epoch 40 ......
Global accuracy:84.81%
Epoch 41 ......
Global accuracy:84.83%
Epoch 42 ......
Global accuracy:84.84%
Epoch 43 ......
Global accuracy:84.80%
Epoch 44 ......
Global accuracy:84.91%
Epoch 45 ......
Global accuracy:84.98%
Epoch 46 ......
Global accuracy:84.76%
Epoch 47 ......
Global accuracy:84.91%
Epoch 48 ......
Global accuracy:84.73%
Epoch 49 ......
Global accuracy:84.80%
Epoch 50 ......
Global accuracy:84.75%
Epoch 51 ......
Global accuracy:84.93%
Epoch 52 ......
Global accuracy:84.93%
Epoch 53 ......
Global accuracy:84.90%
Epoch 54 ......
Global accuracy:84.88%
Epoch 55 ......
Global accuracy:84.85%
Epoch 56 ......
Global accuracy:84.76%
Epoch 57 ......
Global accuracy:84.90%
Epoch 58 ......
Global accuracy:84.83%
Epoch 59 ......
Global accuracy:84.80%
Epoch 60 ......
Global accuracy:84.88%
Epoch 61 ......
Global accuracy:84.89%
Epoch 62 ......
Global accuracy:84.66%
Epoch 63 ......
Global accuracy:84.75%
Epoch 64 ......
Global accuracy:84.76%
Epoch 65 ......
Global accuracy:84.75%
Epoch 66 ......
Global accuracy:84.77%
Epoch 67 ......
Global accuracy:84.70%
Epoch 68 ......
Global accuracy:84.73%
Epoch 69 ......
Global accuracy:84.85%
Epoch 70 ......
Global accuracy:84.56%
Epoch 71 ......
Global accuracy:84.69%
Epoch 72 ......
Global accuracy:84.78%
Epoch 73 ......
Global accuracy:84.70%
Epoch 74 ......
Global accuracy:84.77%
Epoch 75 ......
Global accuracy:84.73%
Epoch 76 ......
Global accuracy:84.78%
Epoch 77 ......
Global accuracy:84.77%
Epoch 78 ......
Global accuracy:84.75%
Epoch 79 ......
Global accuracy:84.89%
Epoch 80 ......
Global accuracy:84.73%
Epoch 81 ......
Global accuracy:84.68%
Epoch 82 ......
Global accuracy:84.83%
Epoch 83 ......
Global accuracy:84.64%
Epoch 84 ......
Global accuracy:84.71%
Epoch 85 ......
Global accuracy:84.64%
Epoch 86 ......
Global accuracy:84.72%
Epoch 87 ......
Global accuracy:84.70%
Epoch 88 ......
Global accuracy:84.75%
Epoch 89 ......
Global accuracy:84.83%
Epoch 90 ......
Global accuracy:84.71%
Epoch 91 ......
Global accuracy:84.73%
Epoch 92 ......
Global accuracy:84.82%
Epoch 93 ......
Global accuracy:84.72%
Epoch 94 ......
Global accuracy:84.76%
Epoch 95 ......
Global accuracy:84.77%
Epoch 96 ......
Global accuracy:84.66%
Epoch 97 ......
Global accuracy:84.81%
Epoch 98 ......
Global accuracy:84.71%
Epoch 99 ......
Global accuracy:84.78%
Epoch 100 ......
Global accuracy:84.67%
Epoch 101 ......
Global accuracy:84.78%
Epoch 102 ......
Global accuracy:84.82%
Epoch 103 ......
Global accuracy:84.83%
Epoch 104 ......
Global accuracy:84.87%
Epoch 105 ......
Global accuracy:84.74%
Epoch 106 ......
Global accuracy:84.62%
Epoch 107 ......
Global accuracy:84.78%
Epoch 108 ......
Global accuracy:84.77%
Epoch 109 ......
Global accuracy:84.79%
Epoch 110 ......
Global accuracy:84.83%
Epoch 111 ......
Global accuracy:84.72%
Epoch 112 ......
Global accuracy:84.79%
Epoch 113 ......
Global accuracy:84.75%
Epoch 114 ......
Global accuracy:84.79%
Epoch 115 ......
Global accuracy:84.64%
Epoch 116 ......
Global accuracy:84.81%
Epoch 117 ......
Global accuracy:84.74%
Epoch 118 ......
Global accuracy:84.70%
Epoch 119 ......
Global accuracy:84.71%
Epoch 120 ......
Global accuracy:84.74%
Epoch 121 ......
Global accuracy:84.70%
Epoch 122 ......
Global accuracy:84.61%
Epoch 123 ......
Global accuracy:84.82%
Epoch 124 ......
Global accuracy:84.79%
Epoch 125 ......
Global accuracy:84.63%
Epoch 126 ......
Global accuracy:84.71%
Epoch 127 ......
Global accuracy:84.73%
Epoch 128 ......
Global accuracy:84.56%
Epoch 129 ......
Global accuracy:84.77%
Epoch 130 ......
Global accuracy:84.74%
Epoch 131 ......
Global accuracy:84.78%
Epoch 132 ......
Global accuracy:84.74%
Epoch 133 ......
Global accuracy:84.83%
Epoch 134 ......
Global accuracy:84.76%
Epoch 135 ......
Global accuracy:84.69%
Epoch 136 ......
Global accuracy:84.83%
Epoch 137 ......
Global accuracy:84.55%
Epoch 138 ......
Global accuracy:84.74%
Epoch 139 ......
Global accuracy:84.66%
Epoch 140 ......
Global accuracy:84.73%
Epoch 141 ......
Global accuracy:84.66%
Epoch 142 ......
Global accuracy:84.74%
Epoch 143 ......
Global accuracy:84.73%
Epoch 144 ......
Global accuracy:84.72%
Epoch 145 ......
Global accuracy:84.79%
Epoch 146 ......
Global accuracy:84.74%
Epoch 147 ......
Global accuracy:84.61%
Epoch 148 ......
Global accuracy:84.71%
Epoch 149 ......
Global accuracy:84.83%
Epoch 150 ......
Global accuracy:84.76%
Epoch 151 ......
Global accuracy:84.66%
Epoch 152 ......
Global accuracy:84.77%
Epoch 153 ......
Global accuracy:84.75%
Epoch 154 ......
Global accuracy:84.85%
Epoch 155 ......
Global accuracy:84.86%
Epoch 156 ......
Global accuracy:84.82%
Epoch 157 ......
Global accuracy:84.75%
Epoch 158 ......
Global accuracy:84.83%
Epoch 159 ......
Global accuracy:84.79%
Epoch 160 ......
Global accuracy:84.70%
Epoch 161 ......
Global accuracy:84.79%
Epoch 162 ......
Global accuracy:84.75%
Epoch 163 ......
Global accuracy:84.72%
Epoch 164 ......
Global accuracy:84.67%
Epoch 165 ......
Global accuracy:84.71%
Epoch 166 ......
Global accuracy:84.87%
Epoch 167 ......
Global accuracy:84.65%
Epoch 168 ......
Global accuracy:84.83%
Epoch 169 ......
Global accuracy:84.71%
Epoch 170 ......
Global accuracy:84.72%
Epoch 171 ......
Global accuracy:84.86%
Epoch 172 ......
Global accuracy:84.68%
Epoch 173 ......
Global accuracy:84.80%
Epoch 174 ......
Global accuracy:84.65%
Epoch 175 ......
Global accuracy:84.80%
Epoch 176 ......
Global accuracy:84.53%
Epoch 177 ......
Global accuracy:84.61%
Epoch 178 ......
Global accuracy:84.76%
Epoch 179 ......
Global accuracy:84.77%
Epoch 180 ......
Global accuracy:84.85%
Epoch 181 ......
Global accuracy:84.76%
Epoch 182 ......
Global accuracy:84.75%
Epoch 183 ......
Global accuracy:84.78%
Epoch 184 ......
Global accuracy:84.79%
Epoch 185 ......
Global accuracy:84.83%
Epoch 186 ......
Global accuracy:84.72%
Epoch 187 ......
Global accuracy:84.71%
Epoch 188 ......
Global accuracy:84.73%
Epoch 189 ......
Global accuracy:84.64%
Epoch 190 ......
Global accuracy:84.72%
Epoch 191 ......
Global accuracy:84.71%
Epoch 192 ......
Global accuracy:84.78%
Epoch 193 ......
Global accuracy:84.69%
Epoch 194 ......
Global accuracy:84.75%
Epoch 195 ......
Global accuracy:84.65%
Epoch 196 ......
Global accuracy:84.62%
Epoch 197 ......
Global accuracy:84.93%
Epoch 198 ......
Global accuracy:84.73%
Epoch 199 ......
Global accuracy:84.69%
Epoch 200 ......
Global accuracy:84.81%
Epoch 201 ......
Global accuracy:84.78%
Epoch 202 ......
Global accuracy:84.63%
Epoch 203 ......
Global accuracy:84.83%
Epoch 204 ......
Global accuracy:84.83%
Epoch 205 ......
Global accuracy:84.87%
Epoch 206 ......
Global accuracy:84.82%
Epoch 207 ......
Global accuracy:84.80%
Epoch 208 ......
Global accuracy:84.86%
Epoch 209 ......
Global accuracy:84.67%
Epoch 210 ......
Global accuracy:84.86%
Epoch 211 ......
Global accuracy:84.78%
Epoch 212 ......
Global accuracy:84.83%
Epoch 213 ......
Global accuracy:84.65%
Epoch 214 ......
Global accuracy:84.89%
Epoch 215 ......
Global accuracy:84.77%
Epoch 216 ......
Global accuracy:84.84%
Epoch 217 ......
Global accuracy:84.73%
Epoch 218 ......
Global accuracy:84.85%
Epoch 219 ......
Global accuracy:84.76%
Epoch 220 ......
Global accuracy:84.68%
Epoch 221 ......
Global accuracy:84.75%
Epoch 222 ......
Global accuracy:84.68%
Epoch 223 ......
Global accuracy:84.75%
Epoch 224 ......
Global accuracy:84.78%
Epoch 225 ......
Global accuracy:84.85%
Epoch 226 ......
Global accuracy:84.88%
Epoch 227 ......
Global accuracy:84.83%
Epoch 228 ......
Global accuracy:84.75%
Epoch 229 ......
Global accuracy:84.60%
Epoch 230 ......
Global accuracy:84.73%
Epoch 231 ......
Global accuracy:84.66%
Epoch 232 ......
Global accuracy:84.77%
Epoch 233 ......
Global accuracy:84.80%
Epoch 234 ......
Global accuracy:84.78%
Epoch 235 ......
Global accuracy:84.78%
Epoch 236 ......
Global accuracy:84.74%
Epoch 237 ......
Global accuracy:84.77%
Epoch 238 ......
Global accuracy:84.73%
Epoch 239 ......
Global accuracy:84.74%
Epoch 240 ......
Global accuracy:84.80%
Epoch 241 ......
Global accuracy:84.77%
Epoch 242 ......
Global accuracy:84.82%
Epoch 243 ......
Global accuracy:84.77%
Epoch 244 ......
Global accuracy:84.80%
Epoch 245 ......
Global accuracy:84.73%
Epoch 246 ......
Global accuracy:84.83%
Epoch 247 ......
Global accuracy:84.78%
Epoch 248 ......
Global accuracy:84.80%
Epoch 249 ......
Global accuracy:84.95%
Epoch 250 ......
Global accuracy:84.85%
Epoch 251 ......
Global accuracy:84.85%
Epoch 252 ......
Global accuracy:84.75%
Epoch 253 ......
Global accuracy:84.64%
Epoch 254 ......
Global accuracy:84.64%
Epoch 255 ......
Global accuracy:84.71%
Epoch 256 ......
Global accuracy:84.68%
Epoch 257 ......
Global accuracy:84.82%
Epoch 258 ......
Global accuracy:84.70%
Epoch 259 ......
Global accuracy:84.76%
Epoch 260 ......
Global accuracy:84.71%
Epoch 261 ......
Global accuracy:84.83%
Epoch 262 ......
Global accuracy:84.71%
Epoch 263 ......
Global accuracy:84.84%
Epoch 264 ......
Global accuracy:84.75%
Epoch 265 ......
Global accuracy:84.77%
Epoch 266 ......
Global accuracy:84.71%
Epoch 267 ......
Global accuracy:84.73%
Epoch 268 ......
Global accuracy:84.83%
Epoch 269 ......
Global accuracy:84.83%
Epoch 270 ......
Global accuracy:84.76%
Epoch 271 ......
Global accuracy:84.63%
Epoch 272 ......
Global accuracy:84.71%
Epoch 273 ......
Global accuracy:84.74%
Epoch 274 ......
Global accuracy:84.80%
Epoch 275 ......
Global accuracy:84.72%
Epoch 276 ......
Global accuracy:84.76%
Epoch 277 ......
Global accuracy:84.85%
Epoch 278 ......
Global accuracy:84.71%
Epoch 279 ......
Global accuracy:84.79%
Epoch 280 ......
Global accuracy:84.76%
Epoch 281 ......
Global accuracy:84.85%
Epoch 282 ......
Global accuracy:84.76%
Epoch 283 ......
Global accuracy:84.85%
Epoch 284 ......
Global accuracy:84.82%
Epoch 285 ......
Global accuracy:84.90%
Epoch 286 ......
Global accuracy:84.67%
Epoch 287 ......
Global accuracy:84.75%
Epoch 288 ......
Global accuracy:84.70%
Epoch 289 ......
Global accuracy:84.82%
Epoch 290 ......
Global accuracy:84.81%
Epoch 291 ......
Global accuracy:84.76%
Epoch 292 ......
Global accuracy:84.77%
Epoch 293 ......
Global accuracy:84.66%
Epoch 294 ......
Global accuracy:84.80%
Epoch 295 ......
Global accuracy:84.75%
Epoch 296 ......
Global accuracy:84.84%
Epoch 297 ......
Global accuracy:84.73%
Epoch 298 ......
Global accuracy:84.73%
Epoch 299 ......
Global accuracy:84.67%
Epoch 300 ......
Global accuracy:84.81%
Epoch 301 ......
Global accuracy:84.71%
Epoch 302 ......
Global accuracy:84.67%
Epoch 303 ......
Global accuracy:84.70%
Epoch 304 ......
Global accuracy:84.89%
Epoch 305 ......
Global accuracy:84.74%
Epoch 306 ......
Global accuracy:84.65%
Epoch 307 ......
Global accuracy:84.95%
Epoch 308 ......
Global accuracy:84.81%
Epoch 309 ......
Global accuracy:84.67%
Epoch 310 ......
Global accuracy:84.64%
Epoch 311 ......
Global accuracy:84.78%
Epoch 312 ......
Global accuracy:84.82%
Epoch 313 ......
Global accuracy:84.78%
Epoch 314 ......
Global accuracy:84.73%
Epoch 315 ......
Global accuracy:84.80%
Epoch 316 ......
Global accuracy:84.82%
Epoch 317 ......
Global accuracy:84.62%
Epoch 318 ......
Global accuracy:84.70%
Epoch 319 ......
Global accuracy:84.74%
Epoch 320 ......
Global accuracy:84.74%
Epoch 321 ......
Global accuracy:84.83%
Epoch 322 ......
Global accuracy:84.62%
Epoch 323 ......
Global accuracy:84.77%
Epoch 324 ......
Global accuracy:84.81%
Epoch 325 ......
Global accuracy:84.86%
Epoch 326 ......
Global accuracy:84.80%
Epoch 327 ......
Global accuracy:84.78%
Epoch 328 ......
Global accuracy:84.73%
Epoch 329 ......
Global accuracy:84.80%
Epoch 330 ......
Global accuracy:84.81%
Epoch 331 ......
Global accuracy:84.72%
Epoch 332 ......
Global accuracy:84.66%
Epoch 333 ......
Global accuracy:84.87%
Epoch 334 ......
Global accuracy:84.57%
Epoch 335 ......
Global accuracy:84.80%
Epoch 336 ......
Global accuracy:84.77%
Epoch 337 ......
Global accuracy:84.95%
Epoch 338 ......
Global accuracy:84.84%
Epoch 339 ......
Global accuracy:84.82%
Epoch 340 ......
Global accuracy:84.83%
Epoch 341 ......
Global accuracy:84.82%
Epoch 342 ......
Global accuracy:84.77%
Epoch 343 ......
Global accuracy:84.82%
Epoch 344 ......
Global accuracy:85.01%
Epoch 345 ......
Global accuracy:84.66%
Epoch 346 ......
Global accuracy:84.76%
Epoch 347 ......
Global accuracy:84.73%
Epoch 348 ......
Global accuracy:84.74%
Epoch 349 ......
Global accuracy:84.73%
Epoch 350 ......
Global accuracy:84.74%
Epoch 351 ......
Global accuracy:84.71%
Epoch 352 ......
Global accuracy:84.93%
Epoch 353 ......
Global accuracy:84.71%
Epoch 354 ......
Global accuracy:84.86%
Epoch 355 ......
Global accuracy:84.78%
Epoch 356 ......
Global accuracy:84.83%
Epoch 357 ......
Global accuracy:84.72%
Epoch 358 ......
Global accuracy:84.72%
Epoch 359 ......
Global accuracy:84.70%
Epoch 360 ......
Global accuracy:84.68%
Epoch 361 ......
Global accuracy:84.70%
Epoch 362 ......
Global accuracy:84.73%
Epoch 363 ......
Global accuracy:84.90%
Epoch 364 ......
Global accuracy:84.68%
Epoch 365 ......
Global accuracy:84.71%
Epoch 366 ......
Global accuracy:84.74%
Epoch 367 ......
Global accuracy:84.79%
Epoch 368 ......
Global accuracy:84.74%
Epoch 369 ......
Global accuracy:84.75%
Epoch 370 ......
Global accuracy:84.79%
Epoch 371 ......
Global accuracy:84.67%
Epoch 372 ......
Global accuracy:84.72%
Epoch 373 ......
Global accuracy:84.68%
Epoch 374 ......
Global accuracy:84.68%
Epoch 375 ......
Global accuracy:84.90%
Epoch 376 ......
Global accuracy:84.74%
Epoch 377 ......
Global accuracy:84.59%
Epoch 378 ......
Global accuracy:84.74%
Epoch 379 ......
Global accuracy:84.69%
Epoch 380 ......
Global accuracy:84.70%
Epoch 381 ......
Global accuracy:84.90%
Epoch 382 ......
Global accuracy:84.87%
Epoch 383 ......
Global accuracy:84.83%
Epoch 384 ......
Global accuracy:84.81%
Epoch 385 ......
Global accuracy:84.72%
Epoch 386 ......
Global accuracy:84.71%
Epoch 387 ......
Global accuracy:84.88%
Epoch 388 ......
Global accuracy:84.87%
Epoch 389 ......
Global accuracy:84.94%
Epoch 390 ......
Global accuracy:84.74%
Epoch 391 ......
Global accuracy:84.83%
Epoch 392 ......
Global accuracy:84.73%
Epoch 393 ......
Global accuracy:84.67%
Epoch 394 ......
Global accuracy:84.88%
Epoch 395 ......
Global accuracy:84.89%
Epoch 396 ......
Global accuracy:84.84%
Epoch 397 ......
Global accuracy:84.88%
Epoch 398 ......
Global accuracy:84.82%
Epoch 399 ......
Global accuracy:84.80%
Epoch 400 ......
Global accuracy:84.64%
Epoch 401 ......
Global accuracy:84.82%
Epoch 402 ......
Global accuracy:84.74%
Epoch 403 ......
Global accuracy:84.79%
Epoch 404 ......
Global accuracy:84.81%
Epoch 405 ......
Global accuracy:84.74%
Epoch 406 ......
Global accuracy:84.83%
Epoch 407 ......
Global accuracy:84.66%
Epoch 408 ......
Global accuracy:84.68%
Epoch 409 ......
Global accuracy:84.65%
Epoch 410 ......
Global accuracy:84.84%
Epoch 411 ......
Global accuracy:84.76%
Epoch 412 ......
Global accuracy:84.83%
Epoch 413 ......
Global accuracy:84.72%
Epoch 414 ......
Global accuracy:84.74%
Epoch 415 ......
Global accuracy:84.79%
Epoch 416 ......
Global accuracy:84.87%
Epoch 417 ......
Global accuracy:84.80%
Epoch 418 ......
Global accuracy:84.82%
Epoch 419 ......
Global accuracy:84.83%
Epoch 420 ......
Global accuracy:84.83%
Epoch 421 ......
Global accuracy:84.79%
Epoch 422 ......
Global accuracy:84.67%
Epoch 423 ......
Global accuracy:84.80%
Epoch 424 ......
Global accuracy:84.85%
Epoch 425 ......
Global accuracy:84.73%
Epoch 426 ......
Global accuracy:84.68%
Epoch 427 ......
Global accuracy:84.84%
Epoch 428 ......
Global accuracy:84.69%
Epoch 429 ......
Global accuracy:84.74%
Epoch 430 ......
Global accuracy:84.80%
Epoch 431 ......
Global accuracy:84.73%
Epoch 432 ......
Global accuracy:84.84%
Epoch 433 ......
Global accuracy:84.80%
Epoch 434 ......
Global accuracy:84.77%
Epoch 435 ......
Global accuracy:84.78%
Epoch 436 ......
Global accuracy:84.71%
Epoch 437 ......
Global accuracy:84.77%
Epoch 438 ......
Global accuracy:84.88%
Epoch 439 ......
Global accuracy:84.67%
Epoch 440 ......
Global accuracy:84.75%
Epoch 441 ......
Global accuracy:84.77%
Epoch 442 ......
Global accuracy:84.78%
Epoch 443 ......
Global accuracy:84.87%
Epoch 444 ......
Global accuracy:84.78%
Epoch 445 ......
Global accuracy:84.79%
Epoch 446 ......
Global accuracy:84.83%
Epoch 447 ......
Global accuracy:84.81%
Epoch 448 ......
Global accuracy:84.73%
Epoch 449 ......
Global accuracy:84.70%
Epoch 450 ......
Global accuracy:84.83%
Epoch 451 ......
Global accuracy:84.85%
Epoch 452 ......
Global accuracy:84.47%
Epoch 453 ......
Global accuracy:84.75%
Epoch 454 ......
Global accuracy:84.75%
Epoch 455 ......
Global accuracy:84.72%
Epoch 456 ......
Global accuracy:84.83%
Epoch 457 ......
Global accuracy:84.71%
Epoch 458 ......
Global accuracy:84.56%
Epoch 459 ......
Global accuracy:84.71%
Epoch 460 ......
Global accuracy:84.75%
Epoch 461 ......
Global accuracy:84.77%
Epoch 462 ......
Global accuracy:84.68%
Epoch 463 ......
Global accuracy:84.59%
Epoch 464 ......
Global accuracy:84.72%
Epoch 465 ......
Global accuracy:84.83%
Epoch 466 ......
Global accuracy:84.73%
Epoch 467 ......
Global accuracy:84.86%
Epoch 468 ......
Global accuracy:84.75%
Epoch 469 ......
Global accuracy:84.81%
Epoch 470 ......
Global accuracy:84.71%
Epoch 471 ......
Global accuracy:84.73%
Epoch 472 ......
Global accuracy:84.59%
Epoch 473 ......
Global accuracy:84.76%
Epoch 474 ......
Global accuracy:84.70%
Epoch 475 ......
Global accuracy:84.84%
Epoch 476 ......
Global accuracy:84.80%
Epoch 477 ......
Global accuracy:84.73%
Epoch 478 ......
Global accuracy:84.73%
Epoch 479 ......
Global accuracy:84.83%
Epoch 480 ......
Global accuracy:84.85%
Epoch 481 ......
Global accuracy:84.77%
Epoch 482 ......
Global accuracy:84.80%
Epoch 483 ......
Global accuracy:84.72%
Epoch 484 ......
Global accuracy:84.88%
Epoch 485 ......
Global accuracy:84.65%
Epoch 486 ......
Global accuracy:84.78%
Epoch 487 ......
Global accuracy:84.71%
Epoch 488 ......
Global accuracy:84.77%
Epoch 489 ......
Global accuracy:84.78%
Epoch 490 ......
Global accuracy:84.81%
Epoch 491 ......
Global accuracy:84.88%
Epoch 492 ......
Global accuracy:84.65%
Epoch 493 ......
Global accuracy:84.68%
Epoch 494 ......
Global accuracy:84.74%
Epoch 495 ......
Global accuracy:84.67%
Epoch 496 ......
Global accuracy:84.81%
Epoch 497 ......
Global accuracy:84.83%
Epoch 498 ......
Global accuracy:84.73%
Epoch 499 ......
Global accuracy:84.85%
Epoch 500 ......
Global accuracy:84.55%
Epoch 501 ......
Global accuracy:84.93%
Epoch 502 ......
Global accuracy:84.71%
Epoch 503 ......
Global accuracy:84.73%
Epoch 504 ......
Global accuracy:84.69%
Epoch 505 ......
Global accuracy:84.73%
Epoch 506 ......
Global accuracy:84.82%
Epoch 507 ......
Global accuracy:84.71%
Epoch 508 ......
Global accuracy:84.80%
Epoch 509 ......
Global accuracy:84.69%
Epoch 510 ......
Global accuracy:84.74%
Epoch 511 ......
Global accuracy:84.76%
Epoch 512 ......
Global accuracy:84.83%
Epoch 513 ......
Global accuracy:84.73%
Epoch 514 ......
Global accuracy:84.79%
Epoch 515 ......
Global accuracy:84.83%
Epoch 516 ......
Global accuracy:84.74%
Epoch 517 ......
Global accuracy:84.82%
Epoch 518 ......
Global accuracy:84.94%
Epoch 519 ......
Global accuracy:84.83%
Epoch 520 ......
Global accuracy:84.75%
Epoch 521 ......
Global accuracy:84.71%
Epoch 522 ......
Global accuracy:84.73%
Epoch 523 ......
Global accuracy:84.76%
Epoch 524 ......
Global accuracy:84.69%
Epoch 525 ......
Global accuracy:84.76%
Epoch 526 ......
Global accuracy:84.68%
Epoch 527 ......
Global accuracy:84.74%
Epoch 528 ......
Global accuracy:84.74%
Epoch 529 ......
Global accuracy:84.83%
Epoch 530 ......
Global accuracy:84.83%
Epoch 531 ......
Global accuracy:84.72%
Epoch 532 ......
Global accuracy:84.82%
Epoch 533 ......
Global accuracy:84.82%
Epoch 534 ......
Global accuracy:84.80%
Epoch 535 ......
Global accuracy:84.79%
Epoch 536 ......
Global accuracy:84.91%
Epoch 537 ......
Global accuracy:84.81%
Epoch 538 ......
Global accuracy:84.65%
Epoch 539 ......
Global accuracy:84.83%
Epoch 540 ......
Global accuracy:84.73%
Epoch 541 ......
Global accuracy:84.73%
Epoch 542 ......
Global accuracy:84.73%
Epoch 543 ......
Global accuracy:84.63%
Epoch 544 ......
Global accuracy:84.74%
Epoch 545 ......
Global accuracy:84.63%
Epoch 546 ......
Global accuracy:84.83%
Epoch 547 ......
Global accuracy:84.81%
Epoch 548 ......
Global accuracy:84.73%
Epoch 549 ......
Global accuracy:84.69%
Epoch 550 ......
Global accuracy:84.77%
Epoch 551 ......
Global accuracy:84.72%
Epoch 552 ......
Global accuracy:84.79%
Epoch 553 ......
Global accuracy:84.80%
Epoch 554 ......
Global accuracy:84.81%
Epoch 555 ......
Global accuracy:84.83%
Epoch 556 ......
Global accuracy:84.81%
Epoch 557 ......
Global accuracy:84.86%
Epoch 558 ......
Global accuracy:84.81%
Epoch 559 ......
Global accuracy:84.77%
Epoch 560 ......
Global accuracy:84.82%
Epoch 561 ......
Global accuracy:84.73%
Epoch 562 ......
Global accuracy:84.76%
Epoch 563 ......
Global accuracy:84.71%
Epoch 564 ......
Global accuracy:84.73%
Epoch 565 ......
Global accuracy:84.89%
Epoch 566 ......
Global accuracy:84.73%
Epoch 567 ......
Global accuracy:84.83%
Epoch 568 ......
Global accuracy:84.68%
Epoch 569 ......
Global accuracy:84.65%
Epoch 570 ......
Global accuracy:84.74%
Epoch 571 ......
Global accuracy:84.74%
Epoch 572 ......
Global accuracy:84.81%
Epoch 573 ......
Global accuracy:84.82%
Epoch 574 ......
Global accuracy:84.63%
Epoch 575 ......
Global accuracy:84.78%
Epoch 576 ......
Global accuracy:84.68%
Epoch 577 ......
Global accuracy:84.96%
Epoch 578 ......
Global accuracy:84.70%
Epoch 579 ......
Global accuracy:84.90%
Epoch 580 ......
Global accuracy:84.61%
Epoch 581 ......
Global accuracy:84.82%
Epoch 582 ......
Global accuracy:84.78%
Epoch 583 ......
Global accuracy:84.86%
Epoch 584 ......
Global accuracy:84.93%
Epoch 585 ......
Global accuracy:84.80%
Epoch 586 ......
Global accuracy:84.77%
Epoch 587 ......
Global accuracy:84.60%
Epoch 588 ......
Global accuracy:84.69%
Epoch 589 ......
Global accuracy:84.80%
Epoch 590 ......
Global accuracy:84.64%
Epoch 591 ......
Global accuracy:84.78%
Epoch 592 ......
Global accuracy:84.73%
Epoch 593 ......
Global accuracy:84.82%
Epoch 594 ......
Global accuracy:84.83%
Epoch 595 ......
Global accuracy:84.73%
Epoch 596 ......
Global accuracy:84.78%
Epoch 597 ......
Global accuracy:84.65%
Epoch 598 ......
Global accuracy:84.81%
Epoch 599 ......
Global accuracy:84.76%
Epoch 600 ......
Global accuracy:84.69%
Epoch 601 ......
Global accuracy:84.70%
Epoch 602 ......
Global accuracy:84.80%
Epoch 603 ......
Global accuracy:84.72%
Epoch 604 ......
Global accuracy:84.77%
Epoch 605 ......
Global accuracy:84.68%
Epoch 606 ......
Global accuracy:84.79%
Epoch 607 ......
Global accuracy:84.82%
Epoch 608 ......
Global accuracy:84.79%
Epoch 609 ......
Global accuracy:84.85%
Epoch 610 ......
Global accuracy:84.77%
Epoch 611 ......
Global accuracy:84.68%
Epoch 612 ......
Global accuracy:84.87%
Epoch 613 ......
Global accuracy:84.77%
Epoch 614 ......
Global accuracy:84.83%
Epoch 615 ......
Global accuracy:84.78%
Epoch 616 ......
Global accuracy:84.80%
Epoch 617 ......
Global accuracy:84.73%
Epoch 618 ......
Global accuracy:84.82%
Epoch 619 ......
Global accuracy:84.76%
Epoch 620 ......
Global accuracy:84.73%
Epoch 621 ......
Global accuracy:84.68%
Epoch 622 ......
Global accuracy:84.83%
Epoch 623 ......
Global accuracy:84.85%
Epoch 624 ......
Global accuracy:84.88%
Epoch 625 ......
Global accuracy:84.69%
Epoch 626 ......
Global accuracy:84.83%
Epoch 627 ......
Global accuracy:84.83%
Epoch 628 ......
Global accuracy:84.73%
Epoch 629 ......
Global accuracy:84.74%
Epoch 630 ......
Global accuracy:84.85%
Epoch 631 ......
Global accuracy:84.66%
Epoch 632 ......
Global accuracy:84.83%
Epoch 633 ......
Global accuracy:84.76%
Epoch 634 ......
Global accuracy:84.68%
Epoch 635 ......
Global accuracy:84.90%
Epoch 636 ......
Global accuracy:84.50%
Epoch 637 ......
Global accuracy:84.67%
Epoch 638 ......
Global accuracy:84.75%
Epoch 639 ......
Global accuracy:84.60%
Epoch 640 ......
Global accuracy:84.82%
Epoch 641 ......
Global accuracy:84.69%
Epoch 642 ......
Global accuracy:84.75%
Epoch 643 ......
Global accuracy:84.77%
Epoch 644 ......
Global accuracy:84.79%
Epoch 645 ......
Global accuracy:84.76%
Epoch 646 ......
Global accuracy:84.83%
Epoch 647 ......
Global accuracy:84.70%
Epoch 648 ......
Global accuracy:84.73%
Epoch 649 ......
Global accuracy:84.76%
Epoch 650 ......
Global accuracy:84.92%
Epoch 651 ......
Global accuracy:84.76%
Epoch 652 ......
Global accuracy:84.83%
Epoch 653 ......
Global accuracy:84.81%
Epoch 654 ......
Global accuracy:84.78%
Epoch 655 ......
Global accuracy:84.82%
Epoch 656 ......
Global accuracy:84.72%
Epoch 657 ......
Global accuracy:84.73%
Epoch 658 ......
Global accuracy:84.86%
Epoch 659 ......
Global accuracy:84.78%
Epoch 660 ......
Global accuracy:84.85%
Epoch 661 ......
Global accuracy:84.80%
Epoch 662 ......
Global accuracy:84.82%
Epoch 663 ......
Global accuracy:84.68%
Epoch 664 ......
Global accuracy:84.67%
Epoch 665 ......
Global accuracy:84.75%
Epoch 666 ......
Global accuracy:84.73%
Epoch 667 ......
Global accuracy:84.82%
Epoch 668 ......
Global accuracy:84.82%
Epoch 669 ......
Global accuracy:84.81%
Epoch 670 ......
Global accuracy:84.77%
Epoch 671 ......
Global accuracy:84.82%
Epoch 672 ......
Global accuracy:84.80%
Epoch 673 ......
Global accuracy:84.77%
Epoch 674 ......
Global accuracy:84.83%
Epoch 675 ......
Global accuracy:84.74%
Epoch 676 ......
Global accuracy:84.68%
Epoch 677 ......
Global accuracy:84.63%
Epoch 678 ......
Global accuracy:84.77%
Epoch 679 ......
Global accuracy:84.78%
Epoch 680 ......
Global accuracy:84.85%
Epoch 681 ......
Global accuracy:84.74%
Epoch 682 ......
Global accuracy:84.74%
Epoch 683 ......
Global accuracy:84.77%
Epoch 684 ......
Global accuracy:84.71%
Epoch 685 ......
Global accuracy:84.77%
Epoch 686 ......
Global accuracy:84.85%
Epoch 687 ......
Global accuracy:84.79%
Epoch 688 ......
Global accuracy:84.68%
Epoch 689 ......
Global accuracy:84.77%
Epoch 690 ......
Global accuracy:84.76%
Epoch 691 ......
Global accuracy:84.83%
Epoch 692 ......
Global accuracy:84.68%
Epoch 693 ......
Global accuracy:84.76%
Epoch 694 ......
Global accuracy:84.78%
Epoch 695 ......
Global accuracy:84.82%
Epoch 696 ......
Global accuracy:84.84%
Epoch 697 ......
Global accuracy:84.84%
Epoch 698 ......
Global accuracy:84.78%
Epoch 699 ......
Global accuracy:84.62%
Epoch 700 ......
Global accuracy:84.70%
Epoch 701 ......
Global accuracy:84.69%
Epoch 702 ......
Global accuracy:84.83%
Epoch 703 ......
Global accuracy:84.79%
Epoch 704 ......
Global accuracy:84.77%
Epoch 705 ......
Global accuracy:84.75%
Epoch 706 ......
Global accuracy:84.86%
Epoch 707 ......
Global accuracy:84.67%
Epoch 708 ......
Global accuracy:84.74%
Epoch 709 ......
Global accuracy:84.59%
Epoch 710 ......
Global accuracy:84.75%
Epoch 711 ......
Global accuracy:84.74%
Epoch 712 ......
Global accuracy:84.70%
Epoch 713 ......
Global accuracy:84.80%
Epoch 714 ......
Global accuracy:84.74%
Epoch 715 ......
Global accuracy:84.65%
Epoch 716 ......
Global accuracy:84.90%
Epoch 717 ......
Global accuracy:84.79%
Epoch 718 ......
Global accuracy:84.86%
Epoch 719 ......
Global accuracy:84.76%
Epoch 720 ......
Global accuracy:84.77%
Epoch 721 ......
Global accuracy:84.73%
Epoch 722 ......
Global accuracy:84.77%
Epoch 723 ......
Global accuracy:84.85%
Epoch 724 ......
Global accuracy:84.85%
Epoch 725 ......
Global accuracy:84.69%
Epoch 726 ......
Global accuracy:84.88%
Epoch 727 ......
Global accuracy:84.73%
Epoch 728 ......
Global accuracy:84.63%
Epoch 729 ......
Global accuracy:84.75%
Epoch 730 ......
Global accuracy:84.66%
Epoch 731 ......
Global accuracy:84.79%
Epoch 732 ......
Global accuracy:84.68%
Epoch 733 ......
Global accuracy:84.74%
Epoch 734 ......
Global accuracy:84.81%
Epoch 735 ......
Global accuracy:84.86%
Epoch 736 ......
Global accuracy:84.59%
Epoch 737 ......
Global accuracy:84.77%
Epoch 738 ......
Global accuracy:84.72%
Epoch 739 ......
Global accuracy:84.78%
Epoch 740 ......
Global accuracy:84.75%
Epoch 741 ......
Global accuracy:84.76%
Epoch 742 ......
Global accuracy:84.84%
Epoch 743 ......
Global accuracy:84.80%
Epoch 744 ......
Global accuracy:84.73%
Epoch 745 ......
Global accuracy:84.73%
Epoch 746 ......
Global accuracy:84.73%
Epoch 747 ......
Global accuracy:84.75%
Epoch 748 ......
Global accuracy:84.94%
Epoch 749 ......
Global accuracy:84.78%
Epoch 750 ......
Global accuracy:84.82%
Epoch 751 ......
Global accuracy:84.72%
Epoch 752 ......
Global accuracy:84.83%
Epoch 753 ......
Global accuracy:84.72%
Epoch 754 ......
Global accuracy:84.63%
Epoch 755 ......
Global accuracy:84.79%
Epoch 756 ......
Global accuracy:84.71%
Epoch 757 ......
Global accuracy:84.83%
Epoch 758 ......
Global accuracy:84.77%
Epoch 759 ......
Global accuracy:84.83%
Epoch 760 ......
Global accuracy:84.82%
Epoch 761 ......
Global accuracy:84.80%
Epoch 762 ......
Global accuracy:84.63%
Epoch 763 ......
Global accuracy:84.78%
Epoch 764 ......
Global accuracy:84.81%
Epoch 765 ......
Global accuracy:84.63%
Epoch 766 ......
Global accuracy:84.82%
Epoch 767 ......
Global accuracy:84.64%
Epoch 768 ......
Global accuracy:84.62%
Epoch 769 ......
Global accuracy:84.78%
Epoch 770 ......
Global accuracy:84.83%
Epoch 771 ......
Global accuracy:84.81%
Epoch 772 ......
Global accuracy:84.84%
Epoch 773 ......
Global accuracy:84.76%
Epoch 774 ......
Global accuracy:84.86%
Epoch 775 ......
Global accuracy:84.76%
Epoch 776 ......
Global accuracy:84.75%
Epoch 777 ......
Global accuracy:84.98%
Epoch 778 ......
Global accuracy:84.76%
Epoch 779 ......
Global accuracy:84.76%
Epoch 780 ......
Global accuracy:84.69%
Epoch 781 ......
Global accuracy:84.79%
Epoch 782 ......
Global accuracy:84.78%
Epoch 783 ......
Global accuracy:84.78%
Epoch 784 ......
Global accuracy:84.82%
Epoch 785 ......
Global accuracy:84.77%
Epoch 786 ......
Global accuracy:84.73%
Epoch 787 ......
Global accuracy:84.71%
Epoch 788 ......
Global accuracy:84.72%
Epoch 789 ......
Global accuracy:84.61%
Epoch 790 ......
Global accuracy:84.76%
Epoch 791 ......
Global accuracy:84.75%
Epoch 792 ......
Global accuracy:84.66%
Epoch 793 ......
Global accuracy:84.68%
Epoch 794 ......
Global accuracy:84.65%
Epoch 795 ......
Global accuracy:84.84%
Epoch 796 ......
Global accuracy:84.76%
Epoch 797 ......
Global accuracy:84.82%
Epoch 798 ......
Global accuracy:84.84%
Epoch 799 ......
Global accuracy:84.84%
Epoch 800 ......
Global accuracy:84.73%
Epoch 801 ......
Global accuracy:84.69%
Epoch 802 ......
Global accuracy:84.83%
Epoch 803 ......
Global accuracy:84.88%
Epoch 804 ......
Global accuracy:84.79%
Epoch 805 ......
Global accuracy:84.82%
Epoch 806 ......
Global accuracy:84.72%
Epoch 807 ......
Global accuracy:84.73%
Epoch 808 ......
Global accuracy:84.66%
Epoch 809 ......
Global accuracy:84.65%
Epoch 810 ......
Global accuracy:84.77%
Epoch 811 ......
Global accuracy:84.73%
Epoch 812 ......
Global accuracy:84.85%
Epoch 813 ......
Global accuracy:84.76%
Epoch 814 ......
Global accuracy:84.79%
Epoch 815 ......
Global accuracy:84.66%
Epoch 816 ......
Global accuracy:84.75%
Epoch 817 ......
Global accuracy:84.77%
Epoch 818 ......
Global accuracy:84.80%
Epoch 819 ......
Global accuracy:84.58%
Epoch 820 ......
Global accuracy:84.69%
Epoch 821 ......
Global accuracy:84.67%
Epoch 822 ......
Global accuracy:84.68%
Epoch 823 ......
Global accuracy:84.72%
Epoch 824 ......
Global accuracy:84.80%
Epoch 825 ......
Global accuracy:84.77%
Epoch 826 ......
Global accuracy:84.63%
Epoch 827 ......
Global accuracy:84.70%
Epoch 828 ......
Global accuracy:84.72%
Epoch 829 ......
Global accuracy:84.77%
Epoch 830 ......
Global accuracy:84.67%
Epoch 831 ......
Global accuracy:84.77%
Epoch 832 ......
Global accuracy:84.80%
Epoch 833 ......
Global accuracy:84.53%
Epoch 834 ......
Global accuracy:84.54%
Epoch 835 ......
Global accuracy:84.81%
Epoch 836 ......
Global accuracy:84.76%
Epoch 837 ......
Global accuracy:84.64%
Epoch 838 ......
Global accuracy:84.88%
Epoch 839 ......
Global accuracy:84.86%
Epoch 840 ......
Global accuracy:84.67%
Epoch 841 ......
Global accuracy:84.73%
Epoch 842 ......
Global accuracy:84.73%
Epoch 843 ......
Global accuracy:84.76%
Epoch 844 ......
Global accuracy:84.80%
Epoch 845 ......
Global accuracy:84.85%
Epoch 846 ......
Global accuracy:84.86%
Epoch 847 ......
Global accuracy:84.77%
Epoch 848 ......
Global accuracy:84.79%
Epoch 849 ......
Global accuracy:84.81%
Epoch 850 ......
Global accuracy:84.81%
Epoch 851 ......
Global accuracy:84.81%
Epoch 852 ......
Global accuracy:84.74%
Epoch 853 ......
Global accuracy:84.79%
Epoch 854 ......
Global accuracy:84.90%
Epoch 855 ......
Global accuracy:84.80%
Epoch 856 ......
Global accuracy:84.69%
Epoch 857 ......
Global accuracy:84.80%
Epoch 858 ......
Global accuracy:84.82%
Epoch 859 ......
Global accuracy:84.83%
Epoch 860 ......
Global accuracy:84.86%
Epoch 861 ......
Global accuracy:84.81%
Epoch 862 ......
Global accuracy:84.74%
Epoch 863 ......
Global accuracy:84.73%
Epoch 864 ......
Global accuracy:84.71%
Epoch 865 ......
Global accuracy:84.66%
Epoch 866 ......
Global accuracy:84.77%
Epoch 867 ......
Global accuracy:84.73%
Epoch 868 ......
Global accuracy:84.70%
Epoch 869 ......
Global accuracy:84.81%
Epoch 870 ......
Global accuracy:84.87%
Epoch 871 ......
Global accuracy:84.83%
Epoch 872 ......
Global accuracy:84.74%
Epoch 873 ......
Global accuracy:84.77%
Epoch 874 ......
Global accuracy:84.85%
Epoch 875 ......
Global accuracy:84.72%
Epoch 876 ......
Global accuracy:84.71%
Epoch 877 ......
Global accuracy:84.73%
Epoch 878 ......
Global accuracy:84.83%
Epoch 879 ......
Global accuracy:84.82%
Epoch 880 ......
Global accuracy:84.82%
Epoch 881 ......
Global accuracy:84.63%
Epoch 882 ......
Global accuracy:84.67%
Epoch 883 ......
Global accuracy:84.76%
Epoch 884 ......
Global accuracy:84.83%
Epoch 885 ......
Global accuracy:84.84%
Epoch 886 ......
Global accuracy:84.76%
Epoch 887 ......
Global accuracy:84.75%
Epoch 888 ......
Global accuracy:84.74%
Epoch 889 ......
Global accuracy:84.61%
Epoch 890 ......
Global accuracy:84.79%
Epoch 891 ......
Global accuracy:84.70%
Epoch 892 ......
Global accuracy:84.75%
Epoch 893 ......
Global accuracy:84.72%
Epoch 894 ......
Global accuracy:84.74%
Epoch 895 ......
Global accuracy:84.67%
Epoch 896 ......
Global accuracy:84.91%
Epoch 897 ......
Global accuracy:84.71%
Epoch 898 ......
Global accuracy:84.78%
Epoch 899 ......
Global accuracy:84.65%
Epoch 900 ......
Global accuracy:84.81%
Epoch 901 ......
Global accuracy:84.63%
Epoch 902 ......
Global accuracy:84.82%
Epoch 903 ......
Global accuracy:84.69%
Epoch 904 ......
Global accuracy:84.88%
Epoch 905 ......
Global accuracy:84.72%
Epoch 906 ......
Global accuracy:84.61%
Epoch 907 ......
Global accuracy:84.75%
Epoch 908 ......
Global accuracy:84.87%
Epoch 909 ......
Global accuracy:84.76%
Epoch 910 ......
Global accuracy:84.63%
Epoch 911 ......
Global accuracy:84.83%
Epoch 912 ......
Global accuracy:84.78%
Epoch 913 ......
Global accuracy:84.73%
Epoch 914 ......
Global accuracy:84.79%
Epoch 915 ......
Global accuracy:84.72%
Epoch 916 ......
Global accuracy:84.81%
Epoch 917 ......
Global accuracy:84.81%
Epoch 918 ......
Global accuracy:84.63%
Epoch 919 ......
Global accuracy:84.79%
Epoch 920 ......
Global accuracy:84.88%
Epoch 921 ......
Global accuracy:84.73%
Epoch 922 ......
Global accuracy:84.77%
Epoch 923 ......
Global accuracy:84.72%
Epoch 924 ......
Global accuracy:84.56%
Epoch 925 ......
Global accuracy:84.78%
Epoch 926 ......
Global accuracy:84.73%
Epoch 927 ......
Global accuracy:84.78%
Epoch 928 ......
Global accuracy:84.63%
Epoch 929 ......
Global accuracy:84.76%
Epoch 930 ......
Global accuracy:84.67%
Epoch 931 ......
Global accuracy:84.84%
Epoch 932 ......
Global accuracy:84.80%
Epoch 933 ......
Global accuracy:84.70%
Epoch 934 ......
Global accuracy:84.77%
Epoch 935 ......
Global accuracy:84.79%
Epoch 936 ......
Global accuracy:84.80%
Epoch 937 ......
Global accuracy:84.75%
Epoch 938 ......
Global accuracy:84.72%
Epoch 939 ......
Global accuracy:84.73%
Epoch 940 ......
Global accuracy:84.73%
Epoch 941 ......
Global accuracy:84.86%
Epoch 942 ......
Global accuracy:84.73%
Epoch 943 ......
Global accuracy:84.94%
Epoch 944 ......
Global accuracy:84.91%
Epoch 945 ......
Global accuracy:84.84%
Epoch 946 ......
Global accuracy:84.73%
Epoch 947 ......
Global accuracy:84.81%
Epoch 948 ......
Global accuracy:84.77%
Epoch 949 ......
Global accuracy:84.79%
Epoch 950 ......
Global accuracy:84.83%
Epoch 951 ......
Global accuracy:84.60%
Epoch 952 ......
Global accuracy:84.83%
Epoch 953 ......
Global accuracy:84.80%
Epoch 954 ......
Global accuracy:84.87%
Epoch 955 ......
Global accuracy:84.73%
Epoch 956 ......
Global accuracy:84.73%
Epoch 957 ......
Global accuracy:84.91%
Epoch 958 ......
Global accuracy:84.76%
Epoch 959 ......
Global accuracy:84.77%
Epoch 960 ......
Global accuracy:84.79%
Epoch 961 ......
Global accuracy:84.76%
Epoch 962 ......
Global accuracy:84.72%
Epoch 963 ......
Global accuracy:84.56%
Epoch 964 ......
Global accuracy:84.91%
Epoch 965 ......
Global accuracy:84.83%
Epoch 966 ......
Global accuracy:84.78%
Epoch 967 ......
Global accuracy:84.81%
Epoch 968 ......
Global accuracy:84.66%
Epoch 969 ......
Global accuracy:84.74%
Epoch 970 ......
Global accuracy:84.80%
Epoch 971 ......
Global accuracy:84.78%
Epoch 972 ......
Global accuracy:84.93%
Epoch 973 ......
Global accuracy:84.65%
Epoch 974 ......
Global accuracy:84.63%
Epoch 975 ......
Global accuracy:84.85%
Epoch 976 ......
Global accuracy:84.62%
Epoch 977 ......
Global accuracy:84.71%
Epoch 978 ......
Global accuracy:84.68%
Epoch 979 ......
Global accuracy:84.73%
Epoch 980 ......
Global accuracy:84.72%
Epoch 981 ......
Global accuracy:84.80%
Epoch 982 ......
Global accuracy:84.70%
Epoch 983 ......
Global accuracy:84.66%
Epoch 984 ......
Global accuracy:84.73%
Epoch 985 ......
Global accuracy:84.80%
Epoch 986 ......
Global accuracy:84.72%
Epoch 987 ......
Global accuracy:84.77%
Epoch 988 ......
Global accuracy:84.75%
Epoch 989 ......
Global accuracy:84.86%
Epoch 990 ......
Global accuracy:84.66%
Epoch 991 ......
Global accuracy:84.98%
Epoch 992 ......
Global accuracy:84.69%
Epoch 993 ......
Global accuracy:84.81%
Epoch 994 ......
Global accuracy:84.73%
Epoch 995 ......
Global accuracy:84.78%
Epoch 996 ......
Global accuracy:84.92%
Epoch 997 ......
Global accuracy:84.65%
Epoch 998 ......
Global accuracy:84.85%
Epoch 999 ......
Global accuracy:84.73%
/home/tuo28237/projects/fledge/python/lib/python3.6/site-packages/torch/nn/functional.py:652: UserWarning: Named tensors and all their associated APIs are an experimental feature and subject to change. Please do not use them for anything important until they are released as stable. (Triggered internally at  /pytorch/c10/core/TensorImpl.h:1156.)
  return torch.max_pool1d(input, kernel_size, stride, padding, dilation, ceil_mode)
[0.7701044979554748, 0.7646524307133121, 0.8458882326215357, 0.8442526124488868, 0.8479781917310314, 0.8479781917310314, 0.8485233984552476, 0.8488868696047251, 0.8482507950931395, 0.8477964561562926, 0.847887323943662, 0.8470695138573375, 0.8477055883689232, 0.8466151749204907, 0.8482507950931395, 0.847887323943662, 0.8470695138573375, 0.8477055883689232, 0.8464334393457519, 0.8468877782825989, 0.8467060427078601, 0.8476147205815538, 0.845979100408905, 0.8474329850068151, 0.8495229441163108, 0.8476147205815538, 0.8483416628805088, 0.847887323943662, 0.8481599273057701, 0.8467060427078601, 0.8467060427078601, 0.8474329850068151, 0.8479781917310314, 0.8481599273057701, 0.8473421172194457, 0.8469786460699682, 0.8475238527941844, 0.8468877782825989, 0.8494320763289414, 0.8479781917310314, 0.8465243071331213, 0.8482507950931395, 0.8474329850068151, 0.8467060427078601, 0.8469786460699682, 0.8470695138573375, 0.8480690595184007, 0.8483416628805088, 0.8477964561562926, 0.8485233984552476, 0.8468877782825989, 0.8482507950931395, 0.8482507950931395, 0.8482507950931395, 0.8468877782825989, 0.8477055883689232, 0.8465243071331213, 0.8489777373920945, 0.8479781917310314, 0.8476147205815538, 0.8485233984552476, 0.8476147205815538, 0.8474329850068151, 0.845979100408905, 0.8476147205815538, 0.8477964561562926, 0.8480690595184007, 0.8477964561562926, 0.8477055883689232, 0.8461608359836438, 0.8458882326215357, 0.8476147205815538, 0.8475238527941844, 0.8477964561562926, 0.8477964561562926, 0.8482507950931395, 0.8477964561562926, 0.8476147205815538, 0.8460699681962744, 0.8484325306678783, 0.8465243071331213, 0.8457973648341663, 0.8477055883689232, 0.848614266242617, 0.8480690595184007, 0.8483416628805088, 0.8480690595184007, 0.8481599273057701, 0.8460699681962744, 0.8465243071331213, 0.8476147205815538, 0.847887323943662, 0.8476147205815538, 0.8472512494320763, 0.847887323943662, 0.8477055883689232, 0.8474329850068151, 0.8472512494320763, 0.848614266242617, 0.8473421172194457]
 CUDA_VISIBLE_DEVICES=2 python ./main.py SpeechCommand 1000 1         60000 1 256 0.01         -p ../data -d cuda -r ./result.txt -v 2 -n 1 -f ./progress.txt
Input args: SpeechCommand 1000 1 60000 1 256 0.010000 ../data cuda ./result.txt
./test.sh: line 35:  8576 Terminated              CUDA_VISIBLE_DEVICES=2 python main.py $task $global_epoch_num ${client_nums[$i]} $local_data_num $local_epoch_num $local_batch_size $local_lr -p $data_path -d $device -r $result_file -v $verbosity -n $run_num -f $progress_file
/usr/lib/python3.6/multiprocessing/semaphore_tracker.py:143: UserWarning: semaphore_tracker: There appear to be 3 leaked semaphores to clean up at shutdown
  len(cache))
 CUDA_VISIBLE_DEVICES=2 python ./main.py SpeechCommand 1000 1         60000 1 256 0.01         -p ../data -d cuda -r ./result.txt -v 2 -n 1 -f ./progress.txt
Traceback (most recent call last):
  File "main.py", line 13, in <module>
    from utils.server import Server
  File "/home/tuo28237/projects/fledge/src/utils/server.py", line 12, in <module>
    from utils.client import Client
  File "/home/tuo28237/projects/fledge/src/utils/client.py", line 19, in <module>
    from utils.text import collate_batch, vocab_size, emsize, num_class
  File "/home/tuo28237/projects/fledge/src/utils/text.py", line 6, in <module>
    from model import AG_NEWS_TEXT
ModuleNotFoundError: No module named 'model'
 CUDA_VISIBLE_DEVICES=2 python ./main.py SpeechCommand 1000 1         60000 1 256 0.01         -p ../data -d cuda -r ./result.txt -v 2 -n 1 -f ./progress.txt
Input args: SpeechCommand 1000 1 60000 1 256 0.010000 ../data cuda ./result.txt
./test.sh: line 35: 29779 Terminated              CUDA_VISIBLE_DEVICES=2 python main.py $task $global_epoch_num ${client_nums[$i]} $local_data_num $local_epoch_num $local_batch_size $local_lr -p $data_path -d $device -r $result_file -v $verbosity -n $run_num -f $progress_file
/usr/lib/python3.6/multiprocessing/semaphore_tracker.py:143: UserWarning: semaphore_tracker: There appear to be 3 leaked semaphores to clean up at shutdown
  len(cache))
